<?xml version="1.0" encoding="UTF-8"?>
<!-- Generated by org.testng.reporters.JUnitXMLReporter -->
<testsuite hostname="LAPTOP-27TTP7L7" ignored="0" name="Random Test" tests="1" failures="0" timestamp="17 Mar 2018 11:20:40 GMT" time="0.811" errors="0">
  <testcase name="@BeforeMethod beforeMethod" time="0.757" classname="testCases.Framework_002">
    <failure type="org.apache.poi.POIXMLException" message="java.lang.reflect.InvocationTargetException">
      <![CDATA[org.apache.poi.POIXMLException: java.lang.reflect.InvocationTargetException
	at org.apache.poi.xssf.usermodel.XSSFFactory.createDocumentPart(XSSFFactory.java:62)
	at org.apache.poi.POIXMLDocumentPart.read(POIXMLDocumentPart.java:403)
	at org.apache.poi.POIXMLDocument.load(POIXMLDocument.java:155)
	at org.apache.poi.xssf.usermodel.XSSFWorkbook.<init>(XSSFWorkbook.java:190)
	at utility.ExcelUtils.setExcelFile(ExcelUtils.java:21)
	at testCases.Framework_002.beforeMethod(Framework_002.java:33)
	at org.apache.poi.xssf.usermodel.XSSFFactory.createDocumentPart(XSSFFactory.java:60)
	... 32 more
Caused by: java.lang.NoClassDefFoundError: org/apache/poi/POIXMLTypeLoader
	at org.openxmlformats.schemas.drawingml.x2006.main.ThemeDocument$Factory.parse(Unknown Source)
	at org.apache.poi.xssf.model.ThemesTable.<init>(ThemesTable.java:44)
	... 37 more
Caused by: java.lang.ClassNotFoundException: org.apache.poi.POIXMLTypeLoader
	at java.net.URLClassLoader.findClass(URLClassLoader.java:381)
	at java.lang.ClassLoader.loadClass(ClassLoader.java:424)
	at sun.misc.Launcher$AppClassLoader.loadClass(Launcher.java:335)
	at java.lang.ClassLoader.loadClass(ClassLoader.java:357)
	... 39 more
... Removed 32 stack frames]]>
    </failure>
  </testcase> <!-- @BeforeMethod beforeMethod -->
  <testcase name="@AfterMethod afterMethod" time="0.0" classname="testCases.Framework_002">
    <skipped/>
  </testcase> <!-- @AfterMethod afterMethod -->
  <testcase name="f" time="0.0" classname="testCases.Framework_002">
    <skipped/>
  </testcase> <!-- f -->
</testsuite> <!-- Random Test -->
